<?xml version="1.0" encoding="UTF-8"?>
<!-- Generated by org.testng.reporters.JUnitReportReporter -->
<testsuite skipped="0" hostname="lenovo-PC" name="qaclickacademy.APITest" tests="1" failures="0" timestamp="14 Jul 2019 10:20:14 GMT" time="0.038" errors="0">
  <testcase name="demo" time="0.038" classname="qaclickacademy.APITest"/>
</testsuite> <!-- qaclickacademy.APITest -->
