<?xml version="1.0" encoding="UTF-8"?>
<!-- Generated by org.testng.reporters.JUnitReportReporter -->
<testsuite hostname="lenovo-PC" name="qaclickacademy.APITest" tests="1" failures="0" timestamp="14 Jul 2019 10:24:39 GMT" time="0.018" errors="0">
  <testcase name="demo" time="0.018" classname="qaclickacademy.APITest"/>
</testsuite> <!-- qaclickacademy.APITest -->
